This file contains any messages produced by compilers while
running configure, to aid debugging if configure makes a mistake.

It was created by partimage configure 0.6.7, which was
generated by GNU Autoconf 2.61.  Invocation command line was

  $ ./configure --with-log-dir=/dev/null --disable-cheuid --disable-login --disable-ssl --disable-nls

## --------- ##
## Platform. ##
## --------- ##

hostname = localhost.localdomain
uname -m = i686
uname -r = 2.6.26.6-79.fc9.i686
uname -s = Linux
uname -v = #1 SMP Fri Oct 17 14:52:14 EDT 2008

/usr/bin/uname -p = unknown
/bin/uname -X     = unknown

/bin/arch              = i686
/usr/bin/arch -k       = unknown
/usr/convex/getsysinfo = unknown
/usr/bin/hostinfo      = unknown
/bin/machine           = unknown
/usr/bin/oslevel       = unknown
/bin/universe          = unknown

PATH: /usr/lib/qt-3.3/bin
PATH: /usr/lib/ccache
PATH: /usr/kerberos/sbin
PATH: /usr/kerberos/bin
PATH: /usr/local/sbin
PATH: /usr/sbin
PATH: /sbin
PATH: /usr/local/bin
PATH: /usr/bin
PATH: /bin
PATH: /root/bin


## ----------- ##
## Core tests. ##
## ----------- ##

configure:2012: checking build system type
configure:2030: result: i686-pc-linux-gnu
configure:2052: checking host system type
configure:2067: result: i686-pc-linux-gnu
configure:2089: checking target system type
configure:2104: result: i686-pc-linux-gnu
configure:2148: checking for a BSD-compatible install
configure:2204: result: /usr/bin/install -c
configure:2215: checking whether build environment is sane
configure:2258: result: yes
configure:2286: checking for a thread-safe mkdir -p
configure:2325: result: /bin/mkdir -p
configure:2338: checking for gawk
configure:2354: found /usr/bin/gawk
configure:2365: result: gawk
configure:2376: checking whether make sets $(MAKE)
configure:2397: result: yes
configure:2611: checking whether NLS is requested
configure:2620: result: no
configure:2658: checking for msgfmt
configure: trying /usr/bin/msgfmt...
0 translated messages.
configure:2690: result: /usr/bin/msgfmt
configure:2699: checking for gmsgfmt
configure:2730: result: /usr/bin/msgfmt
configure:2770: checking for xgettext
configure: trying /usr/bin/xgettext...
/usr/bin/xgettext: warning: file `/dev/null' extension `' is unknown; will try C
configure:2802: result: /usr/bin/xgettext
configure:2842: checking for msgmerge
configure: trying /usr/bin/msgmerge...
configure:2873: result: /usr/bin/msgmerge
configure:2936: checking for style of include used by make
configure:2964: result: GNU
configure:3034: checking for gcc
configure:3050: found /usr/lib/ccache/gcc
configure:3061: result: gcc
configure:3299: checking for C compiler version
configure:3306: gcc --version >&5
gcc (GCC) 4.3.0 20080428 (Red Hat 4.3.0-8)
Copyright (C) 2008 Free Software Foundation, Inc.
This is free software; see the source for copying conditions.  There is NO
warranty; not even for MERCHANTABILITY or FITNESS FOR A PARTICULAR PURPOSE.

configure:3309: $? = 0
configure:3316: gcc -v >&5
Using built-in specs.
Target: i386-redhat-linux
Configured with: ../configure --prefix=/usr --mandir=/usr/share/man --infodir=/usr/share/info --with-bugurl=http://bugzilla.redhat.com/bugzilla --enable-bootstrap --enable-shared --enable-threads=posix --enable-checking=release --with-system-zlib --enable-__cxa_atexit --disable-libunwind-exceptions --enable-languages=c,c++,objc,obj-c++,java,fortran,ada --enable-java-awt=gtk --disable-dssi --enable-plugin --with-java-home=/usr/lib/jvm/java-1.5.0-gcj-1.5.0.0/jre --enable-libgcj-multifile --enable-java-maintainer-mode --with-ecj-jar=/usr/share/java/eclipse-ecj.jar --disable-libjava-multilib --with-cpu=generic --build=i386-redhat-linux
Thread model: posix
gcc version 4.3.0 20080428 (Red Hat 4.3.0-8) (GCC) 
configure:3319: $? = 0
configure:3326: gcc -V >&5
gcc: '-V' option must have argument
configure:3329: $? = 1
configure:3352: checking for C compiler default output file name
configure:3379: gcc    conftest.c  >&5
configure:3382: $? = 0
configure:3420: result: a.out
configure:3437: checking whether the C compiler works
configure:3447: ./a.out
configure:3450: $? = 0
configure:3467: result: yes
configure:3474: checking whether we are cross compiling
configure:3476: result: no
configure:3479: checking for suffix of executables
configure:3486: gcc -o conftest    conftest.c  >&5
configure:3489: $? = 0
configure:3513: result: 
configure:3519: checking for suffix of object files
configure:3545: gcc -c   conftest.c >&5
configure:3548: $? = 0
configure:3571: result: o
configure:3575: checking whether we are using the GNU C compiler
configure:3604: gcc -c   conftest.c >&5
configure:3610: $? = 0
configure:3627: result: yes
configure:3632: checking whether gcc accepts -g
configure:3662: gcc -c -g  conftest.c >&5
configure:3668: $? = 0
configure:3767: result: yes
configure:3784: checking for gcc option to accept ISO C89
configure:3858: gcc  -c -g -O2  conftest.c >&5
configure:3864: $? = 0
configure:3887: result: none needed
configure:3907: checking dependency style of gcc
configure:3998: result: gcc3
configure:4037: checking for ld used by GCC
configure:4101: result: /usr/bin/ld
configure:4110: checking if the linker (/usr/bin/ld) is GNU ld
configure:4123: result: yes
configure:4130: checking for shared library run path origin
configure:4143: result: done
configure:4560: checking for CFPreferencesCopyAppValue
configure:4590: gcc -o conftest -g -O2  -I/System/Library/Frameworks/CoreFoundation.framework/Headers  conftest.c  -framework CoreFoundation >&5
gcc: CoreFoundation: No such file or directory
cc1: error: unrecognized command line option "-framework"
configure:4596: $? = 1
configure: failed program was:
| /* confdefs.h.  */
| #define PACKAGE_NAME "partimage"
| #define PACKAGE_TARNAME "partimage"
| #define PACKAGE_VERSION "0.6.7"
| #define PACKAGE_STRING "partimage 0.6.7"
| #define PACKAGE_BUGREPORT ""
| #define PACKAGE "partimage"
| #define VERSION "0.6.7"
| #define ENABLE_NLS 1
| /* end confdefs.h.  */
| #include <CFPreferences.h>
| int
| main ()
| {
| CFPreferencesCopyAppValue(NULL, NULL)
|   ;
|   return 0;
| }
configure:4615: result: no
configure:4624: checking for CFLocaleCopyCurrent
configure:4654: gcc -o conftest -g -O2  -I/System/Library/Frameworks/CoreFoundation.framework/Headers  conftest.c  -framework CoreFoundation >&5
gcc: CoreFoundation: No such file or directory
cc1: error: unrecognized command line option "-framework"
configure:4660: $? = 1
configure: failed program was:
| /* confdefs.h.  */
| #define PACKAGE_NAME "partimage"
| #define PACKAGE_TARNAME "partimage"
| #define PACKAGE_VERSION "0.6.7"
| #define PACKAGE_STRING "partimage 0.6.7"
| #define PACKAGE_BUGREPORT ""
| #define PACKAGE "partimage"
| #define VERSION "0.6.7"
| #define ENABLE_NLS 1
| /* end confdefs.h.  */
| #include <CFLocale.h>
| int
| main ()
| {
| CFLocaleCopyCurrent();
|   ;
|   return 0;
| }
configure:4679: result: no
configure:4696: checking whether NLS is requested
configure:4705: result: no
configure:5473: checking whether to use NLS
configure:5475: result: no
configure:5623: checking for a sed that does not truncate output
configure:5679: result: /bin/sed
configure:5682: checking for grep that handles long lines and -e
configure:5756: result: /bin/grep
configure:5761: checking for egrep
configure:5839: result: /bin/grep -E
configure:5855: checking for ld used by gcc
configure:5922: result: /usr/bin/ld
configure:5931: checking if the linker (/usr/bin/ld) is GNU ld
configure:5946: result: yes
configure:5951: checking for /usr/bin/ld option to reload object files
configure:5958: result: -r
configure:5976: checking for BSD-compatible nm
configure:6025: result: /usr/bin/nm -B
configure:6029: checking whether ln -s works
configure:6033: result: yes
configure:6040: checking how to recognize dependent libraries
configure:6226: result: pass_all
configure:6466: checking how to run the C preprocessor
configure:6506: gcc -E  conftest.c
configure:6512: $? = 0
configure:6543: gcc -E  conftest.c
conftest.c:11:28: error: ac_nonexistent.h: No such file or directory
configure:6549: $? = 1
configure: failed program was:
| /* confdefs.h.  */
| #define PACKAGE_NAME "partimage"
| #define PACKAGE_TARNAME "partimage"
| #define PACKAGE_VERSION "0.6.7"
| #define PACKAGE_STRING "partimage 0.6.7"
| #define PACKAGE_BUGREPORT ""
| #define PACKAGE "partimage"
| #define VERSION "0.6.7"
| #define ENABLE_NLS 1
| /* end confdefs.h.  */
| #include <ac_nonexistent.h>
configure:6582: result: gcc -E
configure:6611: gcc -E  conftest.c
configure:6617: $? = 0
configure:6648: gcc -E  conftest.c
conftest.c:11:28: error: ac_nonexistent.h: No such file or directory
configure:6654: $? = 1
configure: failed program was:
| /* confdefs.h.  */
| #define PACKAGE_NAME "partimage"
| #define PACKAGE_TARNAME "partimage"
| #define PACKAGE_VERSION "0.6.7"
| #define PACKAGE_STRING "partimage 0.6.7"
| #define PACKAGE_BUGREPORT ""
| #define PACKAGE "partimage"
| #define VERSION "0.6.7"
| #define ENABLE_NLS 1
| /* end confdefs.h.  */
| #include <ac_nonexistent.h>
configure:6692: checking for ANSI C header files
configure:6722: gcc -c -g -O2  conftest.c >&5
configure:6728: $? = 0
configure:6827: gcc -o conftest -g -O2   conftest.c  >&5
configure:6830: $? = 0
configure:6836: ./conftest
configure:6839: $? = 0
configure:6856: result: yes
configure:6880: checking for sys/types.h
configure:6901: gcc -c -g -O2  conftest.c >&5
configure:6907: $? = 0
configure:6923: result: yes
configure:6880: checking for sys/stat.h
configure:6901: gcc -c -g -O2  conftest.c >&5
configure:6907: $? = 0
configure:6923: result: yes
configure:6880: checking for stdlib.h
configure:6901: gcc -c -g -O2  conftest.c >&5
configure:6907: $? = 0
configure:6923: result: yes
configure:6880: checking for string.h
configure:6901: gcc -c -g -O2  conftest.c >&5
configure:6907: $? = 0
configure:6923: result: yes
configure:6880: checking for memory.h
configure:6901: gcc -c -g -O2  conftest.c >&5
configure:6907: $? = 0
configure:6923: result: yes
configure:6880: checking for strings.h
configure:6901: gcc -c -g -O2  conftest.c >&5
configure:6907: $? = 0
configure:6923: result: yes
configure:6880: checking for inttypes.h
configure:6901: gcc -c -g -O2  conftest.c >&5
configure:6907: $? = 0
configure:6923: result: yes
configure:6880: checking for stdint.h
configure:6901: gcc -c -g -O2  conftest.c >&5
configure:6907: $? = 0
configure:6923: result: yes
configure:6880: checking for unistd.h
configure:6901: gcc -c -g -O2  conftest.c >&5
configure:6907: $? = 0
configure:6923: result: yes
configure:6950: checking dlfcn.h usability
configure:6967: gcc -c -g -O2  conftest.c >&5
configure:6973: $? = 0
configure:6987: result: yes
configure:6991: checking dlfcn.h presence
configure:7006: gcc -E  conftest.c
configure:7012: $? = 0
configure:7026: result: yes
configure:7054: checking for dlfcn.h
configure:7062: result: yes
configure:7133: checking for g++
configure:7149: found /usr/lib/ccache/g++
configure:7160: result: g++
configure:7191: checking for C++ compiler version
configure:7198: g++ --version >&5
g++ (GCC) 4.3.0 20080428 (Red Hat 4.3.0-8)
Copyright (C) 2008 Free Software Foundation, Inc.
This is free software; see the source for copying conditions.  There is NO
warranty; not even for MERCHANTABILITY or FITNESS FOR A PARTICULAR PURPOSE.

configure:7201: $? = 0
configure:7208: g++ -v >&5
Using built-in specs.
Target: i386-redhat-linux
Configured with: ../configure --prefix=/usr --mandir=/usr/share/man --infodir=/usr/share/info --with-bugurl=http://bugzilla.redhat.com/bugzilla --enable-bootstrap --enable-shared --enable-threads=posix --enable-checking=release --with-system-zlib --enable-__cxa_atexit --disable-libunwind-exceptions --enable-languages=c,c++,objc,obj-c++,java,fortran,ada --enable-java-awt=gtk --disable-dssi --enable-plugin --with-java-home=/usr/lib/jvm/java-1.5.0-gcj-1.5.0.0/jre --enable-libgcj-multifile --enable-java-maintainer-mode --with-ecj-jar=/usr/share/java/eclipse-ecj.jar --disable-libjava-multilib --with-cpu=generic --build=i386-redhat-linux
Thread model: posix
gcc version 4.3.0 20080428 (Red Hat 4.3.0-8) (GCC) 
configure:7211: $? = 0
configure:7218: g++ -V >&5
g++: '-V' option must have argument
configure:7221: $? = 1
configure:7224: checking whether we are using the GNU C++ compiler
configure:7253: g++ -c   conftest.cpp >&5
configure:7259: $? = 0
configure:7276: result: yes
configure:7281: checking whether g++ accepts -g
configure:7311: g++ -c -g  conftest.cpp >&5
configure:7317: $? = 0
configure:7416: result: yes
configure:7441: checking dependency style of g++
configure:7532: result: gcc3
configure:7557: checking how to run the C++ preprocessor
configure:7593: g++ -E  conftest.cpp
configure:7599: $? = 0
configure:7630: g++ -E  conftest.cpp
conftest.cpp:22:28: error: ac_nonexistent.h: No such file or directory
configure:7636: $? = 1
configure: failed program was:
| /* confdefs.h.  */
| #define PACKAGE_NAME "partimage"
| #define PACKAGE_TARNAME "partimage"
| #define PACKAGE_VERSION "0.6.7"
| #define PACKAGE_STRING "partimage 0.6.7"
| #define PACKAGE_BUGREPORT ""
| #define PACKAGE "partimage"
| #define VERSION "0.6.7"
| #define ENABLE_NLS 1
| #define STDC_HEADERS 1
| #define HAVE_SYS_TYPES_H 1
| #define HAVE_SYS_STAT_H 1
| #define HAVE_STDLIB_H 1
| #define HAVE_STRING_H 1
| #define HAVE_MEMORY_H 1
| #define HAVE_STRINGS_H 1
| #define HAVE_INTTYPES_H 1
| #define HAVE_STDINT_H 1
| #define HAVE_UNISTD_H 1
| #define HAVE_DLFCN_H 1
| /* end confdefs.h.  */
| #include <ac_nonexistent.h>
configure:7669: result: g++ -E
configure:7698: g++ -E  conftest.cpp
configure:7704: $? = 0
configure:7735: g++ -E  conftest.cpp
conftest.cpp:22:28: error: ac_nonexistent.h: No such file or directory
configure:7741: $? = 1
configure: failed program was:
| /* confdefs.h.  */
| #define PACKAGE_NAME "partimage"
| #define PACKAGE_TARNAME "partimage"
| #define PACKAGE_VERSION "0.6.7"
| #define PACKAGE_STRING "partimage 0.6.7"
| #define PACKAGE_BUGREPORT ""
| #define PACKAGE "partimage"
| #define VERSION "0.6.7"
| #define ENABLE_NLS 1
| #define STDC_HEADERS 1
| #define HAVE_SYS_TYPES_H 1
| #define HAVE_SYS_STAT_H 1
| #define HAVE_STDLIB_H 1
| #define HAVE_STRING_H 1
| #define HAVE_MEMORY_H 1
| #define HAVE_STRINGS_H 1
| #define HAVE_INTTYPES_H 1
| #define HAVE_STDINT_H 1
| #define HAVE_UNISTD_H 1
| #define HAVE_DLFCN_H 1
| /* end confdefs.h.  */
| #include <ac_nonexistent.h>
configure:7834: checking for g77
configure:7850: found /usr/bin/g77
configure:7861: result: g77
configure:7891: checking for Fortran 77 compiler version
configure:7898: g77 --version >&5
GNU Fortran (GCC) 3.4.6 20060404 (Red Hat 3.4.6-9)
Copyright (C) 2006 Free Software Foundation, Inc.

GNU Fortran comes with NO WARRANTY, to the extent permitted by law.
You may redistribute copies of GNU Fortran
under the terms of the GNU General Public License.
For more information about these matters, see the file named COPYING
or type the command `info -f g77 Copying'.
configure:7901: $? = 0
configure:7908: g77 -v >&5
Reading specs from /usr/lib/gcc/i386-redhat-linux/3.4.6/specs
Configured with: ../configure --prefix=/usr --mandir=/usr/share/man --infodir=/usr/share/info --enable-shared --enable-threads=posix --disable-checking --with-system-zlib --enable-__cxa_atexit --disable-libunwind-exceptions --enable-languages=c,c++,f77 --disable-libgcj --host=i386-redhat-linux
Thread model: posix
gcc version 3.4.6 20060404 (Red Hat 3.4.6-9)
configure:7911: $? = 0
configure:7918: g77 -V >&5
g77: `-V' option must have argument
configure:7921: $? = 1
configure:7929: checking whether we are using the GNU Fortran 77 compiler
configure:7948: g77 -c  conftest.F >&5
configure:7954: $? = 0
configure:7971: result: yes
configure:7977: checking whether g77 accepts -g
configure:7994: g77 -c -g conftest.f >&5
configure:8000: $? = 0
configure:8016: result: yes
configure:8046: checking the maximum length of command line arguments
configure:8158: result: 1966080
configure:8170: checking command to parse /usr/bin/nm -B output from gcc object
configure:8275: gcc -c -g -O2  conftest.c >&5
configure:8278: $? = 0
configure:8282: /usr/bin/nm -B conftest.o \| sed -n -e 's/^.*[ 	]\([ABCDGIRSTW][ABCDGIRSTW]*\)[ 	][ 	]*\([_A-Za-z][_A-Za-z0-9]*\)$/\1 \2 \2/p' \> conftest.nm
configure:8285: $? = 0
configure:8337: gcc -o conftest -g -O2   conftest.c conftstm.o >&5
configure:8340: $? = 0
configure:8378: result: ok
configure:8382: checking for objdir
configure:8397: result: .libs
configure:8489: checking for ar
configure:8505: found /usr/bin/ar
configure:8516: result: ar
configure:8585: checking for ranlib
configure:8601: found /usr/bin/ranlib
configure:8612: result: ranlib
configure:8681: checking for strip
configure:8697: found /usr/bin/strip
configure:8708: result: strip
configure:8945: checking for correct ltmain.sh version
configure:8995: result: yes
configure:9055: checking if gcc supports -fno-rtti -fno-exceptions
configure:9073: gcc -c -g -O2  -fno-rtti -fno-exceptions conftest.c >&5
cc1: warning: command line option "-fno-rtti" is valid for C++/ObjC++ but not for C
cc1: warning: command line option "-fno-rtti" is valid for C++/ObjC++ but not for C
configure:9077: $? = 0
configure:9090: result: no
configure:9105: checking for gcc option to produce PIC
configure:9337: result: -fPIC
configure:9345: checking if gcc PIC flag -fPIC works
configure:9363: gcc -c -g -O2  -fPIC -DPIC conftest.c >&5
configure:9367: $? = 0
configure:9380: result: yes
configure:9408: checking if gcc static flag -static works
configure:9436: result: yes
configure:9446: checking if gcc supports -c -o file.o
configure:9467: gcc -c -g -O2  -o out/conftest2.o conftest.c >&5
configure:9471: $? = 0
configure:9493: result: yes
configure:9519: checking whether the gcc linker (/usr/bin/ld) supports shared libraries
configure:10499: result: yes
configure:10520: checking whether -lc should be explicitly linked in
configure:10525: gcc -c -g -O2  conftest.c >&5
configure:10528: $? = 0
configure:10543: gcc -shared conftest.o  -v -Wl,-soname -Wl,conftest -o conftest 2\>\&1 \| grep  -lc  \>/dev/null 2\>\&1
configure:10546: $? = 0
configure:10558: result: no
configure:10566: checking dynamic linker characteristics
configure:11181: result: GNU/Linux ld.so
configure:11190: checking how to hardcode library paths into programs
configure:11215: result: immediate
configure:11229: checking whether stripping libraries is possible
configure:11234: result: yes
configure:12036: checking if libtool supports shared libraries
configure:12038: result: yes
configure:12041: checking whether to build shared libraries
configure:12062: result: yes
configure:12065: checking whether to build static libraries
configure:12069: result: yes
configure:12162: creating libtool
configure:12750: checking for ld used by g++
configure:12817: result: /usr/bin/ld
configure:12826: checking if the linker (/usr/bin/ld) is GNU ld
configure:12841: result: yes
configure:12892: checking whether the g++ linker (/usr/bin/ld) supports shared libraries
configure:13866: result: yes
configure:13884: g++ -c -g -O2  conftest.cpp >&5
configure:13887: $? = 0
configure:14039: checking for g++ option to produce PIC
configure:14323: result: -fPIC
configure:14331: checking if g++ PIC flag -fPIC works
configure:14349: g++ -c -g -O2  -fPIC -DPIC conftest.cpp >&5
configure:14353: $? = 0
configure:14366: result: yes
configure:14394: checking if g++ static flag -static works
configure:14422: result: yes
configure:14432: checking if g++ supports -c -o file.o
configure:14453: g++ -c -g -O2  -o out/conftest2.o conftest.cpp >&5
configure:14457: $? = 0
configure:14479: result: yes
configure:14505: checking whether the g++ linker (/usr/bin/ld) supports shared libraries
configure:14530: result: yes
configure:14597: checking dynamic linker characteristics
configure:15160: result: GNU/Linux ld.so
configure:15169: checking how to hardcode library paths into programs
configure:15194: result: immediate
configure:15728: checking if libtool supports shared libraries
configure:15730: result: yes
configure:15733: checking whether to build shared libraries
configure:15753: result: yes
configure:15756: checking whether to build static libraries
configure:15760: result: yes
configure:15770: checking for g77 option to produce PIC
configure:16002: result: -fPIC
configure:16010: checking if g77 PIC flag -fPIC works
configure:16028: g77 -c -g -O2 -fPIC conftest.f >&5
configure:16032: $? = 0
configure:16045: result: yes
configure:16073: checking if g77 static flag -static works
configure:16101: result: yes
configure:16111: checking if g77 supports -c -o file.o
configure:16132: g77 -c -g -O2 -o out/conftest2.o conftest.f >&5
configure:16136: $? = 0
configure:16158: result: yes
configure:16184: checking whether the g77 linker (/usr/bin/ld) supports shared libraries
configure:17144: result: yes
configure:17211: checking dynamic linker characteristics
configure:17774: result: GNU/Linux ld.so
configure:17783: checking how to hardcode library paths into programs
configure:17808: result: immediate
configure:21392: checking for strerror in -lcposix
configure:21427: gcc -o conftest -g -O2   conftest.c -lcposix   >&5
/usr/bin/ld: cannot find -lcposix
collect2: ld returned 1 exit status
configure:21433: $? = 1
configure: failed program was:
| /* confdefs.h.  */
| #define PACKAGE_NAME "partimage"
| #define PACKAGE_TARNAME "partimage"
| #define PACKAGE_VERSION "0.6.7"
| #define PACKAGE_STRING "partimage 0.6.7"
| #define PACKAGE_BUGREPORT ""
| #define PACKAGE "partimage"
| #define VERSION "0.6.7"
| #define ENABLE_NLS 1
| #define STDC_HEADERS 1
| #define HAVE_SYS_TYPES_H 1
| #define HAVE_SYS_STAT_H 1
| #define HAVE_STDLIB_H 1
| #define HAVE_STRING_H 1
| #define HAVE_MEMORY_H 1
| #define HAVE_STRINGS_H 1
| #define HAVE_INTTYPES_H 1
| #define HAVE_STDINT_H 1
| #define HAVE_UNISTD_H 1
| #define HAVE_DLFCN_H 1
| /* end confdefs.h.  */
| 
| /* Override any GCC internal prototype to avoid an error.
|    Use char because int might match the return type of a GCC
|    builtin and then its argument prototype would still apply.  */
| #ifdef __cplusplus
| extern "C"
| #endif
| char strerror ();
| int
| main ()
| {
| return strerror ();
|   ;
|   return 0;
| }
configure:21451: result: no
configure:21507: checking for gcc
configure:21534: result: gcc
configure:21772: checking for C compiler version
configure:21779: gcc --version >&5
gcc (GCC) 4.3.0 20080428 (Red Hat 4.3.0-8)
Copyright (C) 2008 Free Software Foundation, Inc.
This is free software; see the source for copying conditions.  There is NO
warranty; not even for MERCHANTABILITY or FITNESS FOR A PARTICULAR PURPOSE.

configure:21782: $? = 0
configure:21789: gcc -v >&5
Using built-in specs.
Target: i386-redhat-linux
Configured with: ../configure --prefix=/usr --mandir=/usr/share/man --infodir=/usr/share/info --with-bugurl=http://bugzilla.redhat.com/bugzilla --enable-bootstrap --enable-shared --enable-threads=posix --enable-checking=release --with-system-zlib --enable-__cxa_atexit --disable-libunwind-exceptions --enable-languages=c,c++,objc,obj-c++,java,fortran,ada --enable-java-awt=gtk --disable-dssi --enable-plugin --with-java-home=/usr/lib/jvm/java-1.5.0-gcj-1.5.0.0/jre --enable-libgcj-multifile --enable-java-maintainer-mode --with-ecj-jar=/usr/share/java/eclipse-ecj.jar --disable-libjava-multilib --with-cpu=generic --build=i386-redhat-linux
Thread model: posix
gcc version 4.3.0 20080428 (Red Hat 4.3.0-8) (GCC) 
configure:21792: $? = 0
configure:21799: gcc -V >&5
gcc: '-V' option must have argument
configure:21802: $? = 1
configure:21805: checking whether we are using the GNU C compiler
configure:21857: result: yes
configure:21862: checking whether gcc accepts -g
configure:21997: result: yes
configure:22014: checking for gcc option to accept ISO C89
configure:22117: result: none needed
configure:22137: checking dependency style of gcc
configure:22228: result: gcc3
configure:22291: checking for gcc
configure:22318: result: gcc
configure:22556: checking for C compiler version
configure:22563: gcc --version >&5
gcc (GCC) 4.3.0 20080428 (Red Hat 4.3.0-8)
Copyright (C) 2008 Free Software Foundation, Inc.
This is free software; see the source for copying conditions.  There is NO
warranty; not even for MERCHANTABILITY or FITNESS FOR A PARTICULAR PURPOSE.

configure:22566: $? = 0
configure:22573: gcc -v >&5
Using built-in specs.
Target: i386-redhat-linux
Configured with: ../configure --prefix=/usr --mandir=/usr/share/man --infodir=/usr/share/info --with-bugurl=http://bugzilla.redhat.com/bugzilla --enable-bootstrap --enable-shared --enable-threads=posix --enable-checking=release --with-system-zlib --enable-__cxa_atexit --disable-libunwind-exceptions --enable-languages=c,c++,objc,obj-c++,java,fortran,ada --enable-java-awt=gtk --disable-dssi --enable-plugin --with-java-home=/usr/lib/jvm/java-1.5.0-gcj-1.5.0.0/jre --enable-libgcj-multifile --enable-java-maintainer-mode --with-ecj-jar=/usr/share/java/eclipse-ecj.jar --disable-libjava-multilib --with-cpu=generic --build=i386-redhat-linux
Thread model: posix
gcc version 4.3.0 20080428 (Red Hat 4.3.0-8) (GCC) 
configure:22576: $? = 0
configure:22583: gcc -V >&5
gcc: '-V' option must have argument
configure:22586: $? = 1
configure:22589: checking whether we are using the GNU C compiler
configure:22641: result: yes
configure:22646: checking whether gcc accepts -g
configure:22781: result: yes
configure:22798: checking for gcc option to accept ISO C89
configure:22901: result: none needed
configure:22921: checking dependency style of gcc
configure:23012: result: gcc3
configure:23030: checking for ANSI C header files
configure:23194: result: yes
configure:23208: checking for gawk
configure:23235: result: gawk
configure:23362: checking for C++ compiler version
configure:23369: g++ --version >&5
g++ (GCC) 4.3.0 20080428 (Red Hat 4.3.0-8)
Copyright (C) 2008 Free Software Foundation, Inc.
This is free software; see the source for copying conditions.  There is NO
warranty; not even for MERCHANTABILITY or FITNESS FOR A PARTICULAR PURPOSE.

configure:23372: $? = 0
configure:23379: g++ -v >&5
Using built-in specs.
Target: i386-redhat-linux
Configured with: ../configure --prefix=/usr --mandir=/usr/share/man --infodir=/usr/share/info --with-bugurl=http://bugzilla.redhat.com/bugzilla --enable-bootstrap --enable-shared --enable-threads=posix --enable-checking=release --with-system-zlib --enable-__cxa_atexit --disable-libunwind-exceptions --enable-languages=c,c++,objc,obj-c++,java,fortran,ada --enable-java-awt=gtk --disable-dssi --enable-plugin --with-java-home=/usr/lib/jvm/java-1.5.0-gcj-1.5.0.0/jre --enable-libgcj-multifile --enable-java-maintainer-mode --with-ecj-jar=/usr/share/java/eclipse-ecj.jar --disable-libjava-multilib --with-cpu=generic --build=i386-redhat-linux
Thread model: posix
gcc version 4.3.0 20080428 (Red Hat 4.3.0-8) (GCC) 
configure:23382: $? = 0
configure:23389: g++ -V >&5
g++: '-V' option must have argument
configure:23392: $? = 1
configure:23395: checking whether we are using the GNU C++ compiler
configure:23447: result: yes
configure:23452: checking whether g++ accepts -g
configure:23587: result: yes
configure:23612: checking dependency style of g++
configure:23703: result: gcc3
configure:23723: checking how to run the C preprocessor
configure:23839: result: gcc -E
configure:23868: gcc -E  conftest.c
configure:23874: $? = 0
configure:23905: gcc -E  conftest.c
conftest.c:23:28: error: ac_nonexistent.h: No such file or directory
configure:23911: $? = 1
configure: failed program was:
| /* confdefs.h.  */
| #define PACKAGE_NAME "partimage"
| #define PACKAGE_TARNAME "partimage"
| #define PACKAGE_VERSION "0.6.7"
| #define PACKAGE_STRING "partimage 0.6.7"
| #define PACKAGE_BUGREPORT ""
| #define PACKAGE "partimage"
| #define VERSION "0.6.7"
| #define ENABLE_NLS 1
| #define STDC_HEADERS 1
| #define HAVE_SYS_TYPES_H 1
| #define HAVE_SYS_STAT_H 1
| #define HAVE_STDLIB_H 1
| #define HAVE_STRING_H 1
| #define HAVE_MEMORY_H 1
| #define HAVE_STRINGS_H 1
| #define HAVE_INTTYPES_H 1
| #define HAVE_STDINT_H 1
| #define HAVE_UNISTD_H 1
| #define HAVE_DLFCN_H 1
| #define STDC_HEADERS 1
| /* end confdefs.h.  */
| #include <ac_nonexistent.h>
configure:23961: checking for a BSD-compatible install
configure:24017: result: /usr/bin/install -c
configure:24028: checking whether ln -s works
configure:24032: result: yes
configure:24052: checking for special C compiler options needed for large files
configure:24145: result: no
configure:24151: checking for _FILE_OFFSET_BITS value needed for large files
configure:24186: gcc -c -g -O2  conftest.c >&5
conftest.c:30: warning: left shift count >= width of type
conftest.c:30: warning: left shift count >= width of type
conftest.c:32: error: size of array 'off_t_is_large' is negative
configure:24192: $? = 1
configure: failed program was:
| /* confdefs.h.  */
| #define PACKAGE_NAME "partimage"
| #define PACKAGE_TARNAME "partimage"
| #define PACKAGE_VERSION "0.6.7"
| #define PACKAGE_STRING "partimage 0.6.7"
| #define PACKAGE_BUGREPORT ""
| #define PACKAGE "partimage"
| #define VERSION "0.6.7"
| #define ENABLE_NLS 1
| #define STDC_HEADERS 1
| #define HAVE_SYS_TYPES_H 1
| #define HAVE_SYS_STAT_H 1
| #define HAVE_STDLIB_H 1
| #define HAVE_STRING_H 1
| #define HAVE_MEMORY_H 1
| #define HAVE_STRINGS_H 1
| #define HAVE_INTTYPES_H 1
| #define HAVE_STDINT_H 1
| #define HAVE_UNISTD_H 1
| #define HAVE_DLFCN_H 1
| #define STDC_HEADERS 1
| #define _GNU_SOURCE 1
| /* end confdefs.h.  */
| #include <sys/types.h>
|  /* Check that off_t can represent 2**63 - 1 correctly.
|     We can't simply define LARGE_OFF_T to be 9223372036854775807,
|     since some C++ compilers masquerading as C compilers
|     incorrectly reject 9223372036854775807.  */
| #define LARGE_OFF_T (((off_t) 1 << 62) - 1 + ((off_t) 1 << 62))
|   int off_t_is_large[(LARGE_OFF_T % 2147483629 == 721
| 		       && LARGE_OFF_T % 2147483647 == 1)
| 		      ? 1 : -1];
| int
| main ()
| {
| 
|   ;
|   return 0;
| }
configure:24236: gcc -c -g -O2  conftest.c >&5
configure:24242: $? = 0
configure:24260: result: 64
configure:24407: checking for pthread_create in -lpthread
configure:24442: gcc -o conftest -g -O2   conftest.c -lpthread   >&5
configure:24448: $? = 0
configure:24466: result: yes
configure:24591: checking for BZ2_bzopen in -lbz2
configure:24626: gcc -o conftest -g -O2   conftest.c -lbz2  -lpthread  >&5
configure:24632: $? = 0
configure:24650: result: yes
configure:24666: checking for newtCenteredWindow in -lnewt
configure:24701: gcc -o conftest -g -O2   conftest.c -lnewt  -lbz2 -lpthread  >&5
configure:24707: $? = 0
configure:24725: result: yes
configure:24741: checking for gzwrite in -lz
configure:24776: gcc -o conftest -g -O2   conftest.c -lz  -lnewt -lbz2 -lpthread  >&5
configure:24782: $? = 0
configure:24800: result: yes
configure:24914: checking fcntl.h usability
configure:24931: gcc -c -g -O2  -Wno-deprecated conftest.c >&5
cc1: warning: command line option "-Wno-deprecated" is valid for C++/Java/ObjC++ but not for C
cc1: warning: command line option "-Wno-deprecated" is valid for C++/Java/ObjC++ but not for C
configure:24937: $? = 0
configure:24951: result: yes
configure:24955: checking fcntl.h presence
configure:24970: gcc -E  -Wno-deprecated conftest.c
cc1: warning: command line option "-Wno-deprecated" is valid for C++/Java/ObjC++ but not for C
configure:24976: $? = 0
configure:24990: result: yes
configure:25018: checking for fcntl.h
configure:25026: result: yes
configure:24904: checking for strings.h
configure:24910: result: yes
configure:24914: checking limit.h usability
configure:24931: gcc -c -g -O2  -Wno-deprecated conftest.c >&5
cc1: warning: command line option "-Wno-deprecated" is valid for C++/Java/ObjC++ but not for C
conftest.c:65:19: error: limit.h: No such file or directory
configure:24937: $? = 1
configure: failed program was:
| /* confdefs.h.  */
| #define PACKAGE_NAME "partimage"
| #define PACKAGE_TARNAME "partimage"
| #define PACKAGE_VERSION "0.6.7"
| #define PACKAGE_STRING "partimage 0.6.7"
| #define PACKAGE_BUGREPORT ""
| #define PACKAGE "partimage"
| #define VERSION "0.6.7"
| #define ENABLE_NLS 1
| #define STDC_HEADERS 1
| #define HAVE_SYS_TYPES_H 1
| #define HAVE_SYS_STAT_H 1
| #define HAVE_STDLIB_H 1
| #define HAVE_STRING_H 1
| #define HAVE_MEMORY_H 1
| #define HAVE_STRINGS_H 1
| #define HAVE_INTTYPES_H 1
| #define HAVE_STDINT_H 1
| #define HAVE_UNISTD_H 1
| #define HAVE_DLFCN_H 1
| #define STDC_HEADERS 1
| #define _GNU_SOURCE 1
| #define _FILE_OFFSET_BITS 64
| #define OS_LINUX 1
| #define HAVE_LIBPTHREAD 1
| #define HAVE_LIBBZ2 1
| #define HAVE_LIBNEWT 1
| #define HAVE_LIBZ 1
| #define HAVE_FCNTL_H 1
| #define HAVE_STRINGS_H 1
| /* end confdefs.h.  */
| #include <stdio.h>
| #ifdef HAVE_SYS_TYPES_H
| # include <sys/types.h>
| #endif
| #ifdef HAVE_SYS_STAT_H
| # include <sys/stat.h>
| #endif
| #ifdef STDC_HEADERS
| # include <stdlib.h>
| # include <stddef.h>
| #else
| # ifdef HAVE_STDLIB_H
| #  include <stdlib.h>
| # endif
| #endif
| #ifdef HAVE_STRING_H
| # if !defined STDC_HEADERS && defined HAVE_MEMORY_H
| #  include <memory.h>
| # endif
| # include <string.h>
| #endif
| #ifdef HAVE_STRINGS_H
| # include <strings.h>
| #endif
| #ifdef HAVE_INTTYPES_H
| # include <inttypes.h>
| #endif
| #ifdef HAVE_STDINT_H
| # include <stdint.h>
| #endif
| #ifdef HAVE_UNISTD_H
| # include <unistd.h>
| #endif
| #include <limit.h>
configure:24951: result: no
configure:24955: checking limit.h presence
configure:24970: gcc -E  -Wno-deprecated conftest.c
cc1: warning: command line option "-Wno-deprecated" is valid for C++/Java/ObjC++ but not for C
conftest.c:32:19: error: limit.h: No such file or directory
configure:24976: $? = 1
configure: failed program was:
| /* confdefs.h.  */
| #define PACKAGE_NAME "partimage"
| #define PACKAGE_TARNAME "partimage"
| #define PACKAGE_VERSION "0.6.7"
| #define PACKAGE_STRING "partimage 0.6.7"
| #define PACKAGE_BUGREPORT ""
| #define PACKAGE "partimage"
| #define VERSION "0.6.7"
| #define ENABLE_NLS 1
| #define STDC_HEADERS 1
| #define HAVE_SYS_TYPES_H 1
| #define HAVE_SYS_STAT_H 1
| #define HAVE_STDLIB_H 1
| #define HAVE_STRING_H 1
| #define HAVE_MEMORY_H 1
| #define HAVE_STRINGS_H 1
| #define HAVE_INTTYPES_H 1
| #define HAVE_STDINT_H 1
| #define HAVE_UNISTD_H 1
| #define HAVE_DLFCN_H 1
| #define STDC_HEADERS 1
| #define _GNU_SOURCE 1
| #define _FILE_OFFSET_BITS 64
| #define OS_LINUX 1
| #define HAVE_LIBPTHREAD 1
| #define HAVE_LIBBZ2 1
| #define HAVE_LIBNEWT 1
| #define HAVE_LIBZ 1
| #define HAVE_FCNTL_H 1
| #define HAVE_STRINGS_H 1
| /* end confdefs.h.  */
| #include <limit.h>
configure:24990: result: no
configure:25018: checking for limit.h
configure:25026: result: no
configure:24914: checking malloc.h usability
configure:24931: gcc -c -g -O2  -Wno-deprecated conftest.c >&5
cc1: warning: command line option "-Wno-deprecated" is valid for C++/Java/ObjC++ but not for C
cc1: warning: command line option "-Wno-deprecated" is valid for C++/Java/ObjC++ but not for C
configure:24937: $? = 0
configure:24951: result: yes
configure:24955: checking malloc.h presence
configure:24970: gcc -E  -Wno-deprecated conftest.c
cc1: warning: command line option "-Wno-deprecated" is valid for C++/Java/ObjC++ but not for C
configure:24976: $? = 0
configure:24990: result: yes
configure:25018: checking for malloc.h
configure:25026: result: yes
configure:24904: checking for strings.h
configure:24910: result: yes
configure:24904: checking for unistd.h
configure:24910: result: yes
configure:25057: checking pthread.h usability
configure:25074: gcc -c -g -O2  -Wno-deprecated conftest.c >&5
cc1: warning: command line option "-Wno-deprecated" is valid for C++/Java/ObjC++ but not for C
cc1: warning: command line option "-Wno-deprecated" is valid for C++/Java/ObjC++ but not for C
configure:25080: $? = 0
configure:25094: result: yes
configure:25098: checking pthread.h presence
configure:25113: gcc -E  -Wno-deprecated conftest.c
cc1: warning: command line option "-Wno-deprecated" is valid for C++/Java/ObjC++ but not for C
configure:25119: $? = 0
configure:25133: result: yes
configure:25161: checking for pthread.h
configure:25169: result: yes
configure:25057: checking crypt.h usability
configure:25074: gcc -c -g -O2  -Wno-deprecated conftest.c >&5
cc1: warning: command line option "-Wno-deprecated" is valid for C++/Java/ObjC++ but not for C
cc1: warning: command line option "-Wno-deprecated" is valid for C++/Java/ObjC++ but not for C
configure:25080: $? = 0
configure:25094: result: yes
configure:25098: checking crypt.h presence
configure:25113: gcc -E  -Wno-deprecated conftest.c
cc1: warning: command line option "-Wno-deprecated" is valid for C++/Java/ObjC++ but not for C
configure:25119: $? = 0
configure:25133: result: yes
configure:25161: checking for crypt.h
configure:25169: result: yes
configure:25057: checking shadow.h usability
configure:25074: gcc -c -g -O2  -Wno-deprecated conftest.c >&5
cc1: warning: command line option "-Wno-deprecated" is valid for C++/Java/ObjC++ but not for C
cc1: warning: command line option "-Wno-deprecated" is valid for C++/Java/ObjC++ but not for C
configure:25080: $? = 0
configure:25094: result: yes
configure:25098: checking shadow.h presence
configure:25113: gcc -E  -Wno-deprecated conftest.c
cc1: warning: command line option "-Wno-deprecated" is valid for C++/Java/ObjC++ but not for C
configure:25119: $? = 0
configure:25133: result: yes
configure:25161: checking for shadow.h
configure:25169: result: yes
configure:25057: checking mntent.h usability
configure:25074: gcc -c -g -O2  -Wno-deprecated conftest.c >&5
cc1: warning: command line option "-Wno-deprecated" is valid for C++/Java/ObjC++ but not for C
cc1: warning: command line option "-Wno-deprecated" is valid for C++/Java/ObjC++ but not for C
configure:25080: $? = 0
configure:25094: result: yes
configure:25098: checking mntent.h presence
configure:25113: gcc -E  -Wno-deprecated conftest.c
cc1: warning: command line option "-Wno-deprecated" is valid for C++/Java/ObjC++ but not for C
configure:25119: $? = 0
configure:25133: result: yes
configure:25161: checking for mntent.h
configure:25169: result: yes
configure:25199: checking sys/param.h usability
configure:25216: gcc -c -g -O2  -Wno-deprecated conftest.c >&5
cc1: warning: command line option "-Wno-deprecated" is valid for C++/Java/ObjC++ but not for C
cc1: warning: command line option "-Wno-deprecated" is valid for C++/Java/ObjC++ but not for C
configure:25222: $? = 0
configure:25236: result: yes
configure:25240: checking sys/param.h presence
configure:25255: gcc -E  -Wno-deprecated conftest.c
cc1: warning: command line option "-Wno-deprecated" is valid for C++/Java/ObjC++ but not for C
configure:25261: $? = 0
configure:25275: result: yes
configure:25303: checking for sys/param.h
configure:25311: result: yes
configure:25199: checking sys/statfs.h usability
configure:25216: gcc -c -g -O2  -Wno-deprecated conftest.c >&5
cc1: warning: command line option "-Wno-deprecated" is valid for C++/Java/ObjC++ but not for C
cc1: warning: command line option "-Wno-deprecated" is valid for C++/Java/ObjC++ but not for C
configure:25222: $? = 0
configure:25236: result: yes
configure:25240: checking sys/statfs.h presence
configure:25255: gcc -E  -Wno-deprecated conftest.c
cc1: warning: command line option "-Wno-deprecated" is valid for C++/Java/ObjC++ but not for C
configure:25261: $? = 0
configure:25275: result: yes
configure:25303: checking for sys/statfs.h
configure:25311: result: yes
configure:25199: checking sys/mount.h usability
configure:25216: gcc -c -g -O2  -Wno-deprecated conftest.c >&5
cc1: warning: command line option "-Wno-deprecated" is valid for C++/Java/ObjC++ but not for C
cc1: warning: command line option "-Wno-deprecated" is valid for C++/Java/ObjC++ but not for C
configure:25222: $? = 0
configure:25236: result: yes
configure:25240: checking sys/mount.h presence
configure:25255: gcc -E  -Wno-deprecated conftest.c
cc1: warning: command line option "-Wno-deprecated" is valid for C++/Java/ObjC++ but not for C
configure:25261: $? = 0
configure:25275: result: yes
configure:25303: checking for sys/mount.h
configure:25311: result: yes
configure:25339: checking getopt.h usability
configure:25356: gcc -c -g -O2  -Wno-deprecated conftest.c >&5
cc1: warning: command line option "-Wno-deprecated" is valid for C++/Java/ObjC++ but not for C
cc1: warning: command line option "-Wno-deprecated" is valid for C++/Java/ObjC++ but not for C
configure:25362: $? = 0
configure:25376: result: yes
configure:25380: checking getopt.h presence
configure:25395: gcc -E  -Wno-deprecated conftest.c
cc1: warning: command line option "-Wno-deprecated" is valid for C++/Java/ObjC++ but not for C
configure:25401: $? = 0
configure:25415: result: yes
configure:25443: checking for getopt.h
configure:25451: result: yes
configure:25470: checking for an ANSI C-conforming const
configure:25545: gcc -c -g -O2  -Wno-deprecated conftest.c >&5
cc1: warning: command line option "-Wno-deprecated" is valid for C++/Java/ObjC++ but not for C
cc1: warning: command line option "-Wno-deprecated" is valid for C++/Java/ObjC++ but not for C
configure:25551: $? = 0
configure:25566: result: yes
configure:25576: checking for inline
configure:25602: gcc -c -g -O2  -Wno-deprecated conftest.c >&5
cc1: warning: command line option "-Wno-deprecated" is valid for C++/Java/ObjC++ but not for C
cc1: warning: command line option "-Wno-deprecated" is valid for C++/Java/ObjC++ but not for C
configure:25608: $? = 0
configure:25626: result: inline
configure:25645: checking for size_t
configure:25675: gcc -c -g -O2  -Wno-deprecated conftest.c >&5
cc1: warning: command line option "-Wno-deprecated" is valid for C++/Java/ObjC++ but not for C
cc1: warning: command line option "-Wno-deprecated" is valid for C++/Java/ObjC++ but not for C
configure:25681: $? = 0
configure:25696: result: yes
configure:25708: checking whether struct tm is in sys/time.h or time.h
configure:25738: gcc -c -g -O2  -Wno-deprecated conftest.c >&5
cc1: warning: command line option "-Wno-deprecated" is valid for C++/Java/ObjC++ but not for C
cc1: warning: command line option "-Wno-deprecated" is valid for C++/Java/ObjC++ but not for C
configure:25744: $? = 0
configure:25759: result: time.h
configure:25770: checking whether setpgrp takes no argument
configure:25804: gcc -o conftest -g -O2  -Wno-deprecated  conftest.c -lz -lnewt -lbz2 -lpthread  >&5
cc1: warning: command line option "-Wno-deprecated" is valid for C++/Java/ObjC++ but not for C
conftest.c: In function 'main':
conftest.c:82: error: too many arguments to function 'setpgrp'
configure:25807: $? = 1
configure: program exited with status 1
configure: failed program was:
| /* confdefs.h.  */
| #define PACKAGE_NAME "partimage"
| #define PACKAGE_TARNAME "partimage"
| #define PACKAGE_VERSION "0.6.7"
| #define PACKAGE_STRING "partimage 0.6.7"
| #define PACKAGE_BUGREPORT ""
| #define PACKAGE "partimage"
| #define VERSION "0.6.7"
| #define ENABLE_NLS 1
| #define STDC_HEADERS 1
| #define HAVE_SYS_TYPES_H 1
| #define HAVE_SYS_STAT_H 1
| #define HAVE_STDLIB_H 1
| #define HAVE_STRING_H 1
| #define HAVE_MEMORY_H 1
| #define HAVE_STRINGS_H 1
| #define HAVE_INTTYPES_H 1
| #define HAVE_STDINT_H 1
| #define HAVE_UNISTD_H 1
| #define HAVE_DLFCN_H 1
| #define STDC_HEADERS 1
| #define _GNU_SOURCE 1
| #define _FILE_OFFSET_BITS 64
| #define OS_LINUX 1
| #define HAVE_LIBPTHREAD 1
| #define HAVE_LIBBZ2 1
| #define HAVE_LIBNEWT 1
| #define HAVE_LIBZ 1
| #define HAVE_FCNTL_H 1
| #define HAVE_STRINGS_H 1
| #define HAVE_MALLOC_H 1
| #define HAVE_STRINGS_H 1
| #define HAVE_UNISTD_H 1
| #define HAVE_PTHREAD_H 1
| #define HAVE_CRYPT_H 1
| #define HAVE_SHADOW_H 1
| #define HAVE_MNTENT_H 1
| #define HAVE_SYS_PARAM_H 1
| #define HAVE_SYS_STATFS_H 1
| #define HAVE_SYS_MOUNT_H 1
| #define HAVE_GETOPT_H 1
| /* end confdefs.h.  */
| #include <stdio.h>
| #ifdef HAVE_SYS_TYPES_H
| # include <sys/types.h>
| #endif
| #ifdef HAVE_SYS_STAT_H
| # include <sys/stat.h>
| #endif
| #ifdef STDC_HEADERS
| # include <stdlib.h>
| # include <stddef.h>
| #else
| # ifdef HAVE_STDLIB_H
| #  include <stdlib.h>
| # endif
| #endif
| #ifdef HAVE_STRING_H
| # if !defined STDC_HEADERS && defined HAVE_MEMORY_H
| #  include <memory.h>
| # endif
| # include <string.h>
| #endif
| #ifdef HAVE_STRINGS_H
| # include <strings.h>
| #endif
| #ifdef HAVE_INTTYPES_H
| # include <inttypes.h>
| #endif
| #ifdef HAVE_STDINT_H
| # include <stdint.h>
| #endif
| #ifdef HAVE_UNISTD_H
| # include <unistd.h>
| #endif
| int
| main ()
| {
| /* If this system has a BSD-style setpgrp which takes arguments,
|   setpgrp(1, 1) will fail with ESRCH and return -1, in that case
|   exit successfully. */
|   return setpgrp (1,1) != -1;
|   ;
|   return 0;
| }
configure:25832: result: yes
configure:25851: checking for getwd
configure:25907: gcc -o conftest -g -O2  -Wno-deprecated  conftest.c -lz -lnewt -lbz2 -lpthread  >&5
cc1: warning: command line option "-Wno-deprecated" is valid for C++/Java/ObjC++ but not for C
/tmp/ccmSZNCh.o: In function `main':
/root/Desktop/partimage-0.6.7/conftest.c:78: warning: the `getwd' function is dangerous and should not be used.
configure:25913: $? = 0
configure:25931: result: yes
configure:25851: checking for strerror
configure:25907: gcc -o conftest -g -O2  -Wno-deprecated  conftest.c -lz -lnewt -lbz2 -lpthread  >&5
cc1: warning: command line option "-Wno-deprecated" is valid for C++/Java/ObjC++ but not for C
configure:25913: $? = 0
configure:25931: result: yes
configure:25851: checking for strdup
configure:25907: gcc -o conftest -g -O2  -Wno-deprecated  conftest.c -lz -lnewt -lbz2 -lpthread  >&5
cc1: warning: command line option "-Wno-deprecated" is valid for C++/Java/ObjC++ but not for C
conftest.c:69: warning: conflicting types for built-in function 'strdup'
configure:25913: $? = 0
configure:25931: result: yes
configure:25851: checking for atoll
configure:25907: gcc -o conftest -g -O2  -Wno-deprecated  conftest.c -lz -lnewt -lbz2 -lpthread  >&5
cc1: warning: command line option "-Wno-deprecated" is valid for C++/Java/ObjC++ but not for C
configure:25913: $? = 0
configure:25931: result: yes
configure:25851: checking for strtoll
configure:25907: gcc -o conftest -g -O2  -Wno-deprecated  conftest.c -lz -lnewt -lbz2 -lpthread  >&5
cc1: warning: command line option "-Wno-deprecated" is valid for C++/Java/ObjC++ but not for C
configure:25913: $? = 0
configure:25931: result: yes
configure:25851: checking for setpgid
configure:25907: gcc -o conftest -g -O2  -Wno-deprecated  conftest.c -lz -lnewt -lbz2 -lpthread  >&5
cc1: warning: command line option "-Wno-deprecated" is valid for C++/Java/ObjC++ but not for C
configure:25913: $? = 0
configure:25931: result: yes
configure:25947: checking for fstat64
configure:26003: gcc -o conftest -g -O2  -Wno-deprecated  conftest.c -lz -lnewt -lbz2 -lpthread  >&5
cc1: warning: command line option "-Wno-deprecated" is valid for C++/Java/ObjC++ but not for C
configure:26009: $? = 0
configure:26027: result: yes
configure:25947: checking for fstatfs64
configure:26003: gcc -o conftest -g -O2  -Wno-deprecated  conftest.c -lz -lnewt -lbz2 -lpthread  >&5
cc1: warning: command line option "-Wno-deprecated" is valid for C++/Java/ObjC++ but not for C
configure:26009: $? = 0
configure:26027: result: yes
configure:25947: checking for open64
configure:26003: gcc -o conftest -g -O2  -Wno-deprecated  conftest.c -lz -lnewt -lbz2 -lpthread  >&5
cc1: warning: command line option "-Wno-deprecated" is valid for C++/Java/ObjC++ but not for C
configure:26009: $? = 0
configure:26027: result: yes
configure:26048: checking for char
configure:26078: gcc -c -g -O2  -Wno-deprecated conftest.c >&5
cc1: warning: command line option "-Wno-deprecated" is valid for C++/Java/ObjC++ but not for C
cc1: warning: command line option "-Wno-deprecated" is valid for C++/Java/ObjC++ but not for C
configure:26084: $? = 0
configure:26099: result: yes
configure:26106: checking size of char
configure:26408: gcc -o conftest -g -O2  -Wno-deprecated  conftest.c -lz -lnewt -lbz2 -lpthread  >&5
cc1: warning: command line option "-Wno-deprecated" is valid for C++/Java/ObjC++ but not for C
configure:26411: $? = 0
configure:26417: ./conftest
configure:26420: $? = 0
configure:26443: result: 1
configure:26453: checking for short
configure:26483: gcc -c -g -O2  -Wno-deprecated conftest.c >&5
cc1: warning: command line option "-Wno-deprecated" is valid for C++/Java/ObjC++ but not for C
cc1: warning: command line option "-Wno-deprecated" is valid for C++/Java/ObjC++ but not for C
configure:26489: $? = 0
configure:26504: result: yes
configure:26511: checking size of short
configure:26813: gcc -o conftest -g -O2  -Wno-deprecated  conftest.c -lz -lnewt -lbz2 -lpthread  >&5
cc1: warning: command line option "-Wno-deprecated" is valid for C++/Java/ObjC++ but not for C
configure:26816: $? = 0
configure:26822: ./conftest
configure:26825: $? = 0
configure:26848: result: 2
configure:26858: checking for int
configure:26888: gcc -c -g -O2  -Wno-deprecated conftest.c >&5
cc1: warning: command line option "-Wno-deprecated" is valid for C++/Java/ObjC++ but not for C
cc1: warning: command line option "-Wno-deprecated" is valid for C++/Java/ObjC++ but not for C
configure:26894: $? = 0
configure:26909: result: yes
configure:26916: checking size of int
configure:27218: gcc -o conftest -g -O2  -Wno-deprecated  conftest.c -lz -lnewt -lbz2 -lpthread  >&5
cc1: warning: command line option "-Wno-deprecated" is valid for C++/Java/ObjC++ but not for C
configure:27221: $? = 0
configure:27227: ./conftest
configure:27230: $? = 0
configure:27253: result: 4
configure:27263: checking for long int
configure:27293: gcc -c -g -O2  -Wno-deprecated conftest.c >&5
cc1: warning: command line option "-Wno-deprecated" is valid for C++/Java/ObjC++ but not for C
cc1: warning: command line option "-Wno-deprecated" is valid for C++/Java/ObjC++ but not for C
configure:27299: $? = 0
configure:27314: result: yes
configure:27321: checking size of long int
configure:27623: gcc -o conftest -g -O2  -Wno-deprecated  conftest.c -lz -lnewt -lbz2 -lpthread  >&5
cc1: warning: command line option "-Wno-deprecated" is valid for C++/Java/ObjC++ but not for C
configure:27626: $? = 0
configure:27632: ./conftest
configure:27635: $? = 0
configure:27658: result: 4
configure:27668: checking for unsigned long long
configure:27698: gcc -c -g -O2  -Wno-deprecated conftest.c >&5
cc1: warning: command line option "-Wno-deprecated" is valid for C++/Java/ObjC++ but not for C
cc1: warning: command line option "-Wno-deprecated" is valid for C++/Java/ObjC++ but not for C
configure:27704: $? = 0
configure:27719: result: yes
configure:27726: checking size of unsigned long long
configure:28028: gcc -o conftest -g -O2  -Wno-deprecated  conftest.c -lz -lnewt -lbz2 -lpthread  >&5
cc1: warning: command line option "-Wno-deprecated" is valid for C++/Java/ObjC++ but not for C
configure:28031: $? = 0
configure:28037: ./conftest
configure:28040: $? = 0
configure:28063: result: 8
configure:28075: checking for ANSI C header files
configure:28239: result: yes
configure:28260: checking for stdint.h
configure:28266: result: yes
configure:28260: checking for stdlib.h
configure:28266: result: yes
configure:28270: checking stdio.h usability
configure:28287: gcc -c -g -O2  -Wno-deprecated conftest.c >&5
cc1: warning: command line option "-Wno-deprecated" is valid for C++/Java/ObjC++ but not for C
cc1: warning: command line option "-Wno-deprecated" is valid for C++/Java/ObjC++ but not for C
configure:28293: $? = 0
configure:28307: result: yes
configure:28311: checking stdio.h presence
configure:28326: gcc -E  -Wno-deprecated conftest.c
cc1: warning: command line option "-Wno-deprecated" is valid for C++/Java/ObjC++ but not for C
configure:28332: $? = 0
configure:28346: result: yes
configure:28374: checking for stdio.h
configure:28382: result: yes
configure:28260: checking for string.h
configure:28266: result: yes
configure:28260: checking for strings.h
configure:28266: result: yes
configure:28260: checking for getopt.h
configure:28266: result: yes
configure:28260: checking for sys/types.h
configure:28266: result: yes
configure:29065: creating ./config.status

## ---------------------- ##
## Running config.status. ##
## ---------------------- ##

This file was extended by partimage config.status 0.6.7, which was
generated by GNU Autoconf 2.61.  Invocation command line was

  CONFIG_FILES    = 
  CONFIG_HEADERS  = 
  CONFIG_LINKS    = 
  CONFIG_COMMANDS = 
  $ ./config.status 

on localhost.localdomain

config.status:701: creating Makefile
config.status:701: creating src/Makefile
config.status:701: creating src/shared/Makefile
config.status:701: creating src/shared/pathnames.h
config.status:701: creating src/client/Makefile
config.status:701: creating src/client/fs/Makefile
config.status:701: creating src/server/Makefile
config.status:701: creating m4/Makefile
config.status:701: creating po/Makefile.in
config.status:841: WARNING:  po/Makefile.in.in seems to ignore the --datarootdir setting
config.status:701: creating config.h
config.status:981: config.h is unchanged
config.status:1027: executing default-1 commands
config.status:1027: executing depfiles commands

## ---------------- ##
## Cache variables. ##
## ---------------- ##

ac_cv_build=i686-pc-linux-gnu
ac_cv_c_compiler_gnu=yes
ac_cv_c_const=yes
ac_cv_c_inline=inline
ac_cv_cxx_compiler_gnu=yes
ac_cv_env_CCC_set=
ac_cv_env_CCC_value=
ac_cv_env_CC_set=
ac_cv_env_CC_value=
ac_cv_env_CFLAGS_set=
ac_cv_env_CFLAGS_value=
ac_cv_env_CPPFLAGS_set=
ac_cv_env_CPPFLAGS_value=
ac_cv_env_CPP_set=
ac_cv_env_CPP_value=
ac_cv_env_CXXCPP_set=
ac_cv_env_CXXCPP_value=
ac_cv_env_CXXFLAGS_set=
ac_cv_env_CXXFLAGS_value=
ac_cv_env_CXX_set=
ac_cv_env_CXX_value=
ac_cv_env_F77_set=
ac_cv_env_F77_value=
ac_cv_env_FFLAGS_set=
ac_cv_env_FFLAGS_value=
ac_cv_env_LDFLAGS_set=
ac_cv_env_LDFLAGS_value=
ac_cv_env_LIBS_set=
ac_cv_env_LIBS_value=
ac_cv_env_build_alias_set=
ac_cv_env_build_alias_value=
ac_cv_env_host_alias_set=
ac_cv_env_host_alias_value=
ac_cv_env_target_alias_set=
ac_cv_env_target_alias_value=
ac_cv_f77_compiler_gnu=yes
ac_cv_func_atoll=yes
ac_cv_func_fstat64=yes
ac_cv_func_fstatfs64=yes
ac_cv_func_getwd=yes
ac_cv_func_open64=yes
ac_cv_func_setpgid=yes
ac_cv_func_setpgrp_void=yes
ac_cv_func_strdup=yes
ac_cv_func_strerror=yes
ac_cv_func_strtoll=yes
ac_cv_header_crypt_h=yes
ac_cv_header_dlfcn_h=yes
ac_cv_header_fcntl_h=yes
ac_cv_header_getopt_h=yes
ac_cv_header_inttypes_h=yes
ac_cv_header_limit_h=no
ac_cv_header_malloc_h=yes
ac_cv_header_memory_h=yes
ac_cv_header_mntent_h=yes
ac_cv_header_pthread_h=yes
ac_cv_header_shadow_h=yes
ac_cv_header_stdc=yes
ac_cv_header_stdint_h=yes
ac_cv_header_stdio_h=yes
ac_cv_header_stdlib_h=yes
ac_cv_header_string_h=yes
ac_cv_header_strings_h=yes
ac_cv_header_sys_mount_h=yes
ac_cv_header_sys_param_h=yes
ac_cv_header_sys_stat_h=yes
ac_cv_header_sys_statfs_h=yes
ac_cv_header_sys_types_h=yes
ac_cv_header_unistd_h=yes
ac_cv_host=i686-pc-linux-gnu
ac_cv_lib_bz2_BZ2_bzopen=yes
ac_cv_lib_cposix_strerror=no
ac_cv_lib_newt_newtCenteredWindow=yes
ac_cv_lib_pthread_pthread_create=yes
ac_cv_lib_z_gzwrite=yes
ac_cv_objext=o
ac_cv_path_EGREP='/bin/grep -E'
ac_cv_path_GMSGFMT=/usr/bin/msgfmt
ac_cv_path_GREP=/bin/grep
ac_cv_path_MSGFMT=/usr/bin/msgfmt
ac_cv_path_MSGMERGE=/usr/bin/msgmerge
ac_cv_path_XGETTEXT=/usr/bin/xgettext
ac_cv_path_install='/usr/bin/install -c'
ac_cv_path_mkdir=/bin/mkdir
ac_cv_prog_AWK=gawk
ac_cv_prog_CPP='gcc -E'
ac_cv_prog_CXXCPP='g++ -E'
ac_cv_prog_ac_ct_AR=ar
ac_cv_prog_ac_ct_CC=gcc
ac_cv_prog_ac_ct_CXX=g++
ac_cv_prog_ac_ct_F77=g77
ac_cv_prog_ac_ct_RANLIB=ranlib
ac_cv_prog_ac_ct_STRIP=strip
ac_cv_prog_cc_c89=
ac_cv_prog_cc_g=yes
ac_cv_prog_cxx_g=yes
ac_cv_prog_f77_g=yes
ac_cv_prog_make_make_set=yes
ac_cv_sizeof_char=1
ac_cv_sizeof_int=4
ac_cv_sizeof_long_int=4
ac_cv_sizeof_short=2
ac_cv_sizeof_unsigned_long_long=8
ac_cv_struct_tm=time.h
ac_cv_sys_file_offset_bits=64
ac_cv_sys_largefile_CC=no
ac_cv_target=i686-pc-linux-gnu
ac_cv_type_char=yes
ac_cv_type_int=yes
ac_cv_type_long_int=yes
ac_cv_type_short=yes
ac_cv_type_size_t=yes
ac_cv_type_unsigned_long_long=yes
acl_cv_hardcode_direct=no
acl_cv_hardcode_libdir_flag_spec='${wl}-rpath ${wl}$libdir'
acl_cv_hardcode_libdir_separator=
acl_cv_hardcode_minus_L=no
acl_cv_libext=a
acl_cv_path_LD=/usr/bin/ld
acl_cv_prog_gnu_ld=yes
acl_cv_rpath=done
acl_cv_shlibext=so
acl_cv_wl=-Wl,
am_cv_CC_dependencies_compiler_type=gcc3
am_cv_CXX_dependencies_compiler_type=gcc3
am_cv_prog_cc_stdc=
gt_cv_func_CFLocaleCopyCurrent=no
gt_cv_func_CFPreferencesCopyAppValue=no
lt_cv_deplibs_check_method=pass_all
lt_cv_file_magic_cmd='$MAGIC_CMD'
lt_cv_file_magic_test_file=
lt_cv_ld_reload_flag=-r
lt_cv_objdir=.libs
lt_cv_path_LD=/usr/bin/ld
lt_cv_path_LDCXX=/usr/bin/ld
lt_cv_path_NM='/usr/bin/nm -B'
lt_cv_path_SED=/bin/sed
lt_cv_prog_compiler_c_o=yes
lt_cv_prog_compiler_c_o_CXX=yes
lt_cv_prog_compiler_c_o_F77=yes
lt_cv_prog_compiler_rtti_exceptions=no
lt_cv_prog_gnu_ld=yes
lt_cv_prog_gnu_ldcxx=yes
lt_cv_sys_global_symbol_pipe='sed -n -e '\''s/^.*[ 	]\([ABCDGIRSTW][ABCDGIRSTW]*\)[ 	][ 	]*\([_A-Za-z][_A-Za-z0-9]*\)$/\1 \2 \2/p'\'''
lt_cv_sys_global_symbol_to_c_name_address='sed -n -e '\''s/^: \([^ ]*\) $/  {\"\1\", (lt_ptr) 0},/p'\'' -e '\''s/^[BCDEGRST] \([^ ]*\) \([^ ]*\)$/  {"\2", (lt_ptr) \&\2},/p'\'''
lt_cv_sys_global_symbol_to_cdecl='sed -n -e '\''s/^. .* \(.*\)$/extern int \1;/p'\'''
lt_cv_sys_max_cmd_len=1966080
lt_lt_cv_prog_compiler_c_o='"yes"'
lt_lt_cv_prog_compiler_c_o_CXX='"yes"'
lt_lt_cv_prog_compiler_c_o_F77='"yes"'
lt_lt_cv_sys_global_symbol_pipe='"sed -n -e '\''s/^.*[ 	]\\([ABCDGIRSTW][ABCDGIRSTW]*\\)[ 	][ 	]*\\([_A-Za-z][_A-Za-z0-9]*\\)\$/\\1 \\2 \\2/p'\''"'
lt_lt_cv_sys_global_symbol_to_c_name_address='"sed -n -e '\''s/^: \\([^ ]*\\) \$/  {\\\"\\1\\\", (lt_ptr) 0},/p'\'' -e '\''s/^[BCDEGRST] \\([^ ]*\\) \\([^ ]*\\)\$/  {\"\\2\", (lt_ptr) \\&\\2},/p'\''"'
lt_lt_cv_sys_global_symbol_to_cdecl='"sed -n -e '\''s/^. .* \\(.*\\)\$/extern int \\1;/p'\''"'

## ----------------- ##
## Output variables. ##
## ----------------- ##

ACLOCAL='${SHELL} /root/Desktop/partimage-0.6.7/missing --run aclocal-1.10'
AMDEPBACKSLASH='\'
AMDEP_FALSE='#'
AMDEP_TRUE=''
AMTAR='${SHELL} /root/Desktop/partimage-0.6.7/missing --run tar'
AR='ar'
AUTOCONF='${SHELL} /root/Desktop/partimage-0.6.7/missing --run autoconf'
AUTOHEADER='${SHELL} /root/Desktop/partimage-0.6.7/missing --run autoheader'
AUTOMAKE='${SHELL} /root/Desktop/partimage-0.6.7/missing --run automake-1.10'
AWK='gawk'
CC='gcc'
CCDEPMODE='depmode=gcc3'
CFLAGS='-g -O2'
CPP='gcc -E'
CPPFLAGS=' -Wno-deprecated'
CXX='g++'
CXXCPP='g++ -E'
CXXDEPMODE='depmode=gcc3'
CXXFLAGS='-g -O2'
CYGPATH_W='echo'
DEFAULT_DEBUG_LEVEL='1'
DEFS='-DHAVE_CONFIG_H'
DEPDIR='.deps'
ECHO='echo'
ECHO_C=''
ECHO_N='-n'
ECHO_T=''
EGREP='/bin/grep -E'
EXEEXT=''
F77='g77'
FFLAGS='-g -O2'
GMSGFMT='/usr/bin/msgfmt'
GREP='/bin/grep'
INSTALL_DATA='${INSTALL} -m 644'
INSTALL_PROGRAM='${INSTALL}'
INSTALL_SCRIPT='${INSTALL}'
INSTALL_STRIP_PROGRAM='$(install_sh) -c -s'
INTLLIBS=''
INTL_MACOSX_LIBS=''
LDFLAGS=''
LIBICONV='-liconv'
LIBINTL=''
LIBOBJS=''
LIBS='-lz -lnewt -lbz2 -lpthread '
LIBTOOL='$(SHELL) $(top_builddir)/libtool'
LN_S='ln -s'
LOGDIR='/dev/null'
LTLIBICONV='-liconv'
LTLIBINTL=''
LTLIBOBJS=''
MAKEINFO='${SHELL} /root/Desktop/partimage-0.6.7/missing --run makeinfo'
MKINSTALLDIRS='$(top_builddir)/./mkinstalldirs'
MSGFMT='/usr/bin/msgfmt'
MSGMERGE='/usr/bin/msgmerge'
OBJEXT='o'
PACKAGE='partimage'
PACKAGE_BUGREPORT=''
PACKAGE_NAME='partimage'
PACKAGE_STRING='partimage 0.6.7'
PACKAGE_TARNAME='partimage'
PACKAGE_VERSION='0.6.7'
PARTIMAGED_LDFLAGS=''
PARTIMAGE_LDFLAGS=''
PATH_SEPARATOR=':'
POSUB=''
RANLIB='ranlib'
SED='/bin/sed'
SET_MAKE=''
SHELL='/bin/sh'
STRIP='strip'
SYSCONFDIR='/usr/local/etc'
USE_NLS='no'
VERSION='0.6.7'
XGETTEXT='/usr/bin/xgettext'
ac_ct_CC='gcc'
ac_ct_CXX='g++'
ac_ct_F77='g77'
am__fastdepCC_FALSE='#'
am__fastdepCC_TRUE=''
am__fastdepCXX_FALSE='#'
am__fastdepCXX_TRUE=''
am__include='include'
am__isrc=''
am__leading_dot='.'
am__quote=''
am__tar='${AMTAR} chof - "$$tardir"'
am__untar='${AMTAR} xf -'
bindir='${exec_prefix}/bin'
build='i686-pc-linux-gnu'
build_alias=''
build_cpu='i686'
build_os='linux-gnu'
build_vendor='pc'
datadir='${datarootdir}'
datarootdir='${prefix}/share'
docdir='${datarootdir}/doc/${PACKAGE_TARNAME}'
dvidir='${docdir}'
exec_prefix='${prefix}'
host='i686-pc-linux-gnu'
host_alias=''
host_cpu='i686'
host_os='linux-gnu'
host_vendor='pc'
htmldir='${docdir}'
includedir='${prefix}/include'
infodir='${datarootdir}/info'
install_sh='$(SHELL) /root/Desktop/partimage-0.6.7/install-sh'
libdir='${exec_prefix}/lib'
libexecdir='${exec_prefix}/libexec'
localedir='${datarootdir}/locale'
localstatedir='${prefix}/var'
mandir='${datarootdir}/man'
mkdir_p='/bin/mkdir -p'
oldincludedir='/usr/include'
opensslpath=''
pdfdir='${docdir}'
prefix='/usr/local'
program_transform_name='s,x,x,'
psdir='${docdir}'
sbindir='${exec_prefix}/sbin'
sharedstatedir='${prefix}/com'
sysconfdir='${prefix}/etc'
target='i686-pc-linux-gnu'
target_alias=''
target_cpu='i686'
target_os='linux-gnu'
target_vendor='pc'

## ----------- ##
## confdefs.h. ##
## ----------- ##

#define PACKAGE_NAME "partimage"
#define PACKAGE_TARNAME "partimage"
#define PACKAGE_VERSION "0.6.7"
#define PACKAGE_STRING "partimage 0.6.7"
#define PACKAGE_BUGREPORT ""
#define PACKAGE "partimage"
#define VERSION "0.6.7"
#define ENABLE_NLS 1
#define STDC_HEADERS 1
#define HAVE_SYS_TYPES_H 1
#define HAVE_SYS_STAT_H 1
#define HAVE_STDLIB_H 1
#define HAVE_STRING_H 1
#define HAVE_MEMORY_H 1
#define HAVE_STRINGS_H 1
#define HAVE_INTTYPES_H 1
#define HAVE_STDINT_H 1
#define HAVE_UNISTD_H 1
#define HAVE_DLFCN_H 1
#define STDC_HEADERS 1
#define _GNU_SOURCE 1
#define _FILE_OFFSET_BITS 64
#define OS_LINUX 1
#define HAVE_LIBPTHREAD 1
#define HAVE_LIBBZ2 1
#define HAVE_LIBNEWT 1
#define HAVE_LIBZ 1
#define HAVE_FCNTL_H 1
#define HAVE_STRINGS_H 1
#define HAVE_MALLOC_H 1
#define HAVE_STRINGS_H 1
#define HAVE_UNISTD_H 1
#define HAVE_PTHREAD_H 1
#define HAVE_CRYPT_H 1
#define HAVE_SHADOW_H 1
#define HAVE_MNTENT_H 1
#define HAVE_SYS_PARAM_H 1
#define HAVE_SYS_STATFS_H 1
#define HAVE_SYS_MOUNT_H 1
#define HAVE_GETOPT_H 1
#define SETPGRP_VOID 1
#define HAVE_GETWD 1
#define HAVE_STRERROR 1
#define HAVE_STRDUP 1
#define HAVE_ATOLL 1
#define HAVE_STRTOLL 1
#define HAVE_SETPGID 1
#define HAVE_FSTAT64 1
#define HAVE_FSTATFS64 1
#define HAVE_OPEN64 1
#define SIZEOF_CHAR 1
#define SIZEOF_SHORT 2
#define SIZEOF_INT 4
#define SIZEOF_LONG_INT 4
#define SIZEOF_UNSIGNED_LONG_LONG 8
#define STDC_HEADERS 1
#define HAVE_STDINT_H 1
#define HAVE_STDLIB_H 1
#define HAVE_STDIO_H 1
#define HAVE_STRING_H 1
#define HAVE_STRINGS_H 1
#define HAVE_GETOPT_H 1
#define HAVE_SYS_TYPES_H 1

configure: exit 0
